/dev/xvda1 on / type ext4 (rw,relatime,discard)
devtmpfs on /dev type devtmpfs (rw,relatime,size=487876k,nr_inodes=121969,mode=755,inode64)      
sysfs on /sys type sysfs (rw,nosuid,nodev,noexec,relatime)
proc on /proc type proc (rw,nosuid,nodev,noexec,relatime)
securityfs on /sys/kernel/security type securityfs (rw,nosuid,nodev,noexec,relatime)
tmpfs on /dev/shm type tmpfs (rw,nosuid,nodev,inode64)
devpts on /dev/pts type devpts (rw,nosuid,noexec,relatime,gid=5,mode=620,ptmxmode=000)
tmpfs on /run type tmpfs (rw,nosuid,nodev,size=98944k,mode=755,inode64)
tmpfs on /run/lock type tmpfs (rw,nosuid,nodev,noexec,relatime,size=5120k,inode64)
tmpfs on /sys/fs/cgroup type tmpfs (ro,nosuid,nodev,noexec,mode=755,inode64)
cgroup2 on /sys/fs/cgroup/unified type cgroup2 (rw,nosuid,nodev,noexec,relatime,nsdelegate)      
cgroup on /sys/fs/cgroup/systemd type cgroup (rw,nosuid,nodev,noexec,relatime,xattr,name=systemd)
pstore on /sys/fs/pstore type pstore (rw,nosuid,nodev,noexec,relatime)
bpf on /sys/fs/bpf type bpf (rw,nosuid,nodev,noexec,relatime,mode=700)
cgroup on /sys/fs/cgroup/cpu,cpuacct type cgroup (rw,nosuid,nodev,noexec,relatime,cpu,cpuacct)
cgroup on /sys/fs/cgroup/rdma type cgroup (rw,nosuid,nodev,noexec,relatime,rdma)
cgroup on /sys/fs/cgroup/freezer type cgroup (rw,nosuid,nodev,noexec,relatime,freezer)
cgroup on /sys/fs/cgroup/blkio type cgroup (rw,nosuid,nodev,noexec,relatime,blkio)
cgroup on /sys/fs/cgroup/cpuset type cgroup (rw,nosuid,nodev,noexec,relatime,cpuset)
cgroup on /sys/fs/cgroup/memory type cgroup (rw,nosuid,nodev,noexec,relatime,memory)
cgroup on /sys/fs/cgroup/net_cls,net_prio type cgroup (rw,nosuid,nodev,noexec,relatime,net_cls,net_prio)
cgroup on /sys/fs/cgroup/misc type cgroup (rw,nosuid,nodev,noexec,relatime,misc)
cgroup on /sys/fs/cgroup/perf_event type cgroup (rw,nosuid,nodev,noexec,relatime,perf_event)
cgroup on /sys/fs/cgroup/pids type cgroup (rw,nosuid,nodev,noexec,relatime,pids)
cgroup on /sys/fs/cgroup/hugetlb type cgroup (rw,nosuid,nodev,noexec,relatime,hugetlb)
cgroup on /sys/fs/cgroup/devices type cgroup (rw,nosuid,nodev,noexec,relatime,devices)
systemd-1 on /proc/sys/fs/binfmt_misc type autofs (rw,relatime,fd=28,pgrp=1,timeout=0,minproto=5,maxproto=5,direct,pipe_ino=14380)
hugetlbfs on /dev/hugepages type hugetlbfs (rw,relatime,pagesize=2M)
mqueue on /dev/mqueue type mqueue (rw,nosuid,nodev,noexec,relatime)
debugfs on /sys/kernel/debug type debugfs (rw,nosuid,nodev,noexec,relatime)
tracefs on /sys/kernel/tracing type tracefs (rw,nosuid,nodev,noexec,relatime)
fusectl on /sys/fs/fuse/connections type fusectl (rw,nosuid,nodev,noexec,relatime)
configfs on /sys/kernel/config type configfs (rw,nosuid,nodev,noexec,relatime)
/var/lib/snapd/snaps/core18_2538.snap on /snap/core18/2538 type squashfs (ro,nodev,relatime,errors=continue,x-gdu.hide)
/var/lib/snapd/snaps/amazon-ssm-agent_5656.snap on /snap/amazon-ssm-agent/5656 type squashfs (ro,nodev,relatime,errors=continue,x-gdu.hide)
/var/lib/snapd/snaps/core20_1611.snap on /snap/core20/1611 type squashfs (ro,nodev,relatime,errors=continue,x-gdu.hide)
/var/lib/snapd/snaps/lxd_22753.snap on /snap/lxd/22753 type squashfs (ro,nodev,relatime,errors=continue,x-gdu.hide)
/var/lib/snapd/snaps/snapd_16292.snap on /snap/snapd/16292 type squashfs (ro,nodev,relatime,errors=continue,x-gdu.hide)
/dev/xvda15 on /boot/efi type vfat (rw,relatime,fmask=0077,dmask=0077,codepage=437,iocharset=iso8859-1,shortname=mixed,errors=remount-ro)
tmpfs on /run/snapd/ns type tmpfs (rw,nosuid,nodev,size=98944k,mode=755,inode64)
nsfs on /run/snapd/ns/lxd.mnt type nsfs (rw)
/var/lib/snapd/snaps/core_13425.snap on /snap/core/13425 type squashfs (ro,nodev,relatime,errors=continue,x-gdu.hide)
/var/lib/snapd/snaps/certbot_2344.snap on /snap/certbot/2344 type squashfs (ro,nodev,relatime,errors=continue,x-gdu.hide)
tmpfs on /run/user/1000 type tmpfs (rw,nosuid,nodev,relatime,size=98940k,mode=700,uid=1000,gid=998,inode64)
/var/lib/snapd/snaps/core18_2560.snap on /snap/core18/2560 type squashfs (ro,nodev,relatime,errors=continue,x-gdu.hide)
/var/lib/snapd/snaps/core20_1623.snap on /snap/core20/1623 type squashfs (ro,nodev,relatime,errors=continue,x-gdu.hide)
s3fs on /home/ubuntu/wp-content type fuse.s3fs (rw,nosuid,nodev,relatime,user_id=0,group_id=0,allow_other)
overlay on /var/lib/docker/overlay2/3cfe81e799bcd851a68dc0d0efafa992664f3ac0f6cdb1b7c7d8457229b31560/merged type overlay (rw,relatime,lowerdir=/var/lib/docker/overlay2/l/OKCAPBGAX6NX75DFA5S476JNUV:/var/lib/docker/overlay2/l/KN7DQOCD227AKTLBL2KNDRMOXD:/var/lib/docker/overlay2/l/OGIRRO334VMFKHEL3VCYSUC7KJ:/var/lib/docker/overlay2/l/F4YLHAQBMLBIJ57EDCDPVFQU4N:/var/lib/docker/overlay2/l/5T634H2BFPECLPVVEPF326FEIU:/var/lib/docker/overlay2/l/NQZHG5W6QIIJXSPXEMAK4DO3QR:/var/lib/docker/overlay2/l/IR26NNONR37JEOCJPPFTRODSJ7:/var/lib/docker/overlay2/l/SZRHG2Z77IFB6R46GL2DTU3NW2:/var/lib/docker/overlay2/l/27HA4JVJG3VGYRIUC3M7ZV6TJ5:/var/lib/docker/overlay2/l/743A2AJ3HQ6AWPH2BJOXMI2SC7:/var/lib/docker/overlay2/l/P32JMYA3NXT5UFGGVUUH2FDMUG:/var/lib/docker/overlay2/l/MBL4Y3BY4NATAOBIM5SYAJ4G5B,upperdir=/var/lib/docker/overlay2/3cfe81e799bcd851a68dc0d0efafa992664f3ac0f6cdb1b7c7d8457229b31560/diff,workdir=/var/lib/docker/overlay2/3cfe81e799bcd851a68dc0d0efafa992664f3ac0f6cdb1b7c7d8457229b31560/work)
shm on /var/lib/docker/containers/d20f99a9acdfae58e3de7823344bf42b382944aa75f17d6474ba1e56337bcccc/mounts/shm type tmpfs (rw,nosuid,nodev,noexec,relatime,size=65536k,inode64)
nsfs on /run/docker/netns/e98e538e73db type nsfs (rw)
overlay on /var/lib/docker/overlay2/cf52caf17b266af63ea480fc6b7b09e33dddeddc85bfe10b574b443817aa6070/merged type overlay (rw,relatime,lowerdir=/var/lib/docker/overlay2/l/N3LSRWOAITO2OKUCP7T6B3UJMF:/var/lib/docker/overlay2/l/UQYHKDYUUJU4FK5E6CQNJMAV74:/var/lib/docker/overlay2/l/YT5MYHS4LW42MFUQQUD2FX6H6Y:/var/lib/docker/overlay2/l/WSBHAYLMHHLCDS43YSA2WNSGTA:/var/lib/docker/overlay2/l/Z4JWMS5LKXUUNALP2JZWQEKLHT:/var/lib/docker/overlay2/l/5GAPREHDEMMNJPB4MQTJUUTB3B:/var/lib/docker/overlay2/l/JRQM272FKNIDYUZICIZMXRJ5OL:/var/lib/docker/overlay2/l/GJORQ2NEHWSMBNX64CE5JIUOPN:/var/lib/docker/overlay2/l/IMANI7TVBRX3DGQCPDXJ3BLPPO:/var/lib/docker/overlay2/l/GSF7WYARC5BGQYZNFRFI5KBI4R:/var/lib/docker/overlay2/l/3KU4RI2PNTLV63M45IXKRK3RZH:/var/lib/docker/overlay2/l/BYFU6GSGHBTZUHNORTJ5JYIJMI:/var/lib/docker/overlay2/l/IMMC7EWTO6NBEVILFXUBRJIWQI:/var/lib/docker/overlay2/l/7J62MG2NLTGMZGKZORMSPLGPU5:/var/lib/docker/overlay2/l/6QP33ZFMOGDVX5LRB44JOC7TV7:/var/lib/docker/overlay2/l/A52O7MEXIDHINOF4KMVD3YVEWB:/var/lib/docker/overlay2/l/XXBPF2WFCUTA3AG4FNMEPYNV3T:/var/lib/docker/overlay2/l/IF4OUNCKIZDVRIHDROP326IJ4P:/var/lib/docker/overlay2/l/BLPC6AVSIZ2CGVNHXM7OX7NC5Q:/var/lib/docker/overlay2/l/T7WXSE4S6KQ3FAILK6K6DC4LYK:/var/lib/docker/overlay2/l/PU7GMXRXXE3ED3SROOUL7KDHUT:/var/lib/docker/overlay2/l/KTGT3QM7FD6JE7Q6BQYFS5ZAEN,upperdir=/var/lib/docker/overlay2/cf52caf17b266af63ea480fc6b7b09e33dddeddc85bfe10b574b443817aa6070/diff,workdir=/var/lib/docker/overlay2/cf52caf17b266af63ea480fc6b7b09e33dddeddc85bfe10b574b443817aa6070/work)
shm on /var/lib/docker/containers/c7b37f27f0ea257bf23f98c991902d6e0e291e3b15874f51ce1ccfc80350a50e/mounts/shm type tmpfs (rw,nosuid,nodev,noexec,relatime,size=65536k,inode64)
nsfs on /run/docker/netns/606b8ed753a8 type nsfs (rw)
